2022-02-10 13:59:01,306 - Loading config.json
2022-02-10 13:59:01,307 - Initializing Main Control System...
2022-02-10 13:59:01,307 - System Emulation: False
2022-02-10 13:59:01,307 - Initializing Sensors...
2022-02-10 13:59:01,365 - Initializing 10 thermocouples,2 digital inputs,15 analog inputs and 9 fan inputs
2022-02-10 13:59:01,365 - Starting Sensors...
2022-02-10 13:59:01,365 - Starting Fan Interface...
2022-02-10 13:59:01,366 - Fan Interface Started
2022-02-10 13:59:01,366 - Sensors Started.
2022-02-10 13:59:01,367 - Sensor Monitoring Started
2022-02-10 13:59:01,367 - Initializing System Manager...
2022-02-10 13:59:01,392 - Starting Thermal Monitor...
2022-02-10 13:59:01,393 - Thermal Monitor Started
2022-02-10 13:59:01,393 - Starting Leak Monitor...
2022-02-10 13:59:01,411 - External Leak Detected
2022-02-10 13:59:01,411 - Leak Monitor Started
2022-02-10 13:59:01,411 - Starting Main Power loop...
2022-02-10 13:59:01,412 - Main Power loop Started
2022-02-10 13:59:01,412 - Initializing Modbus Server...
2022-02-10 13:59:01,421 - Starting modbus server
2022-02-10 13:59:02,426 - Modbus Server Started
2022-02-10 13:59:02,426 - Starting Main System Control Loop...
2022-02-10 13:59:06,416 - External Leak Detected
2022-02-10 13:59:11,392 - faulty reading
2022-02-10 13:59:11,421 - External Leak Detected
2022-02-10 13:59:16,426 - External Leak Detected
2022-02-10 13:59:31,055 - faulty reading
2022-02-10 13:59:50,716 - faulty reading
2022-02-10 14:00:10,378 - faulty reading
2022-02-10 14:00:30,040 - faulty reading
2022-02-10 14:00:49,702 - faulty reading
2022-02-10 14:01:09,364 - faulty reading
2022-02-10 14:01:48,693 - faulty reading
2022-02-10 14:01:54,560 - Loading config.json
2022-02-10 14:01:54,561 - Initializing Main Control System...
2022-02-10 14:01:54,561 - System Emulation: False
2022-02-10 14:01:54,561 - Initializing Sensors...
2022-02-10 14:01:54,617 - Initializing 10 thermocouples,2 digital inputs,15 analog inputs and 9 fan inputs
2022-02-10 14:01:54,618 - Starting Sensors...
2022-02-10 14:01:54,618 - Starting Fan Interface...
2022-02-10 14:01:54,618 - Fan Interface Started
2022-02-10 14:01:54,619 - Sensors Started.
2022-02-10 14:01:54,619 - Sensor Monitoring Started
2022-02-10 14:01:54,619 - Initializing System Manager...
2022-02-10 14:01:54,644 - Starting Thermal Monitor...
2022-02-10 14:01:54,651 - Thermal Monitor Started
2022-02-10 14:01:54,652 - Starting Leak Monitor...
2022-02-10 14:01:54,653 - External Leak Detected
2022-02-10 14:01:54,653 - Leak Monitor Started
2022-02-10 14:01:54,654 - Starting Main Power loop...
2022-02-10 14:01:54,671 - Main Power loop Started
2022-02-10 14:01:54,671 - Initializing Modbus Server...
2022-02-10 14:01:54,680 - Starting modbus server
2022-02-10 14:01:55,683 - Modbus Server Started
2022-02-10 14:01:55,683 - Starting Main System Control Loop...
2022-02-10 14:01:59,659 - External Leak Detected
2022-02-10 14:02:04,645 - faulty reading
2022-02-10 14:02:04,661 - External Leak Detected
2022-02-10 14:02:09,664 - External Leak Detected
2022-02-10 14:02:24,307 - faulty reading
2022-02-10 14:03:10,245 - Loading config.json
2022-02-10 14:03:10,246 - Initializing Main Control System...
2022-02-10 14:03:10,246 - System Emulation: False
2022-02-10 14:03:10,246 - Initializing Sensors...
2022-02-10 14:03:10,305 - Initializing 10 thermocouples,2 digital inputs,15 analog inputs and 9 fan inputs
2022-02-10 14:03:10,305 - Starting Sensors...
2022-02-10 14:03:10,306 - Starting Fan Interface...
2022-02-10 14:03:10,306 - Fan Interface Started
2022-02-10 14:03:10,307 - Sensors Started.
2022-02-10 14:03:10,307 - Sensor Monitoring Started
2022-02-10 14:03:10,307 - Initializing System Manager...
2022-02-10 14:03:10,331 - Starting Thermal Monitor...
2022-02-10 14:03:10,351 - Thermal Monitor Started
2022-02-10 14:03:10,352 - Starting Leak Monitor...
2022-02-10 14:03:10,352 - External Leak Detected
2022-02-10 14:03:10,352 - Leak Monitor Started
2022-02-10 14:03:10,353 - Starting Main Power loop...
2022-02-10 14:03:10,353 - Main Power loop Started
2022-02-10 14:03:10,354 - Initializing Modbus Server...
2022-02-10 14:03:10,362 - Starting modbus server
2022-02-10 14:03:11,373 - Modbus Server Started
2022-02-10 14:03:11,373 - Starting Main System Control Loop...
2022-02-10 14:03:15,358 - External Leak Detected
2022-02-10 14:03:20,336 - faulty reading
2022-02-10 14:03:20,361 - External Leak Detected
2022-02-10 14:03:25,366 - External Leak Detected
2022-02-10 14:03:39,998 - faulty reading
2022-02-10 14:04:25,472 - Loading config.json
2022-02-10 14:04:25,473 - Initializing Main Control System...
2022-02-10 14:04:25,474 - System Emulation: False
2022-02-10 14:04:25,474 - Initializing Sensors...
2022-02-10 14:04:25,531 - Initializing 10 thermocouples,2 digital inputs,15 analog inputs and 9 fan inputs
2022-02-10 14:04:25,531 - Starting Sensors...
2022-02-10 14:04:25,531 - Starting Fan Interface...
2022-02-10 14:04:25,532 - Fan Interface Started
2022-02-10 14:04:25,533 - Sensors Started.
2022-02-10 14:04:25,533 - Sensor Monitoring Started
2022-02-10 14:04:25,533 - Initializing System Manager...
2022-02-10 14:04:25,558 - Starting Thermal Monitor...
2022-02-10 14:04:25,559 - Thermal Monitor Started
2022-02-10 14:04:25,559 - Starting Leak Monitor...
2022-02-10 14:04:25,581 - External Leak Detected
2022-02-10 14:04:25,581 - Leak Monitor Started
2022-02-10 14:04:25,581 - Starting Main Power loop...
2022-02-10 14:04:25,582 - Main Power loop Started
2022-02-10 14:04:25,582 - Initializing Modbus Server...
2022-02-10 14:04:25,592 - Starting modbus server
2022-02-10 14:04:26,595 - Modbus Server Started
2022-02-10 14:04:26,595 - Starting Main System Control Loop...
2022-02-10 14:04:30,586 - External Leak Detected
2022-02-10 14:04:35,558 - faulty reading
2022-02-10 14:04:35,591 - External Leak Detected
2022-02-10 14:04:40,596 - External Leak Detected
2022-02-10 14:06:00,686 - Loading config.json
2022-02-10 14:06:00,687 - Initializing Main Control System...
2022-02-10 14:06:00,687 - System Emulation: False
2022-02-10 14:06:00,687 - Initializing Sensors...
2022-02-10 14:06:00,744 - Initializing 10 thermocouples,2 digital inputs,15 analog inputs and 9 fan inputs
2022-02-10 14:06:00,744 - Starting Sensors...
2022-02-10 14:06:00,744 - Starting Fan Interface...
2022-02-10 14:06:00,745 - Fan Interface Started
2022-02-10 14:06:00,745 - Sensors Started.
2022-02-10 14:06:00,745 - Sensor Monitoring Started
2022-02-10 14:06:00,746 - Initializing System Manager...
2022-02-10 14:06:00,771 - Starting Thermal Monitor...
2022-02-10 14:06:00,772 - Thermal Monitor Started
2022-02-10 14:06:00,772 - Starting Leak Monitor...
2022-02-10 14:06:00,791 - External Leak Detected
2022-02-10 14:06:00,791 - Leak Monitor Started
2022-02-10 14:06:00,791 - Starting Main Power loop...
2022-02-10 14:06:00,792 - Main Power loop Started
2022-02-10 14:06:00,792 - Initializing Modbus Server...
2022-02-10 14:06:00,801 - Starting modbus server
2022-02-10 14:06:01,804 - Modbus Server Started
2022-02-10 14:06:01,804 - Starting Main System Control Loop...
2022-02-10 14:06:05,796 - External Leak Detected
2022-02-10 14:06:10,771 - faulty reading
2022-02-10 14:06:10,801 - External Leak Detected
2022-02-10 14:06:15,806 - External Leak Detected
2022-02-10 14:06:30,435 - faulty reading
2022-02-10 14:06:50,097 - faulty reading
2022-02-10 14:07:29,425 - faulty reading
2022-02-10 14:07:49,087 - faulty reading
2022-02-10 14:08:08,751 - faulty reading
2022-02-10 14:08:28,415 - faulty reading
2022-02-10 14:09:07,762 - faulty reading
2022-02-10 14:09:27,425 - faulty reading
2022-02-10 14:09:47,092 - faulty reading
2022-02-10 14:10:06,755 - faulty reading
2022-02-10 14:10:26,417 - faulty reading
2022-02-10 14:10:46,080 - faulty reading
2022-02-10 14:11:05,743 - faulty reading
2022-02-10 14:11:25,405 - faulty reading
2022-02-10 14:11:45,068 - faulty reading
2022-02-10 14:12:04,730 - faulty reading
2022-02-10 14:12:24,392 - faulty reading
2022-02-10 14:12:44,054 - faulty reading
2022-02-10 14:13:03,717 - faulty reading
2022-02-10 14:13:23,380 - faulty reading
2022-02-10 14:14:02,720 - faulty reading
2022-02-10 14:14:22,385 - faulty reading
2022-02-10 14:14:42,045 - faulty reading
2022-02-10 14:15:01,708 - faulty reading
2022-02-10 14:15:21,372 - faulty reading
2022-02-10 14:15:38,544 - Loading config.json
2022-02-10 14:15:38,545 - Initializing Main Control System...
2022-02-10 14:15:38,545 - System Emulation: False
2022-02-10 14:15:38,545 - Initializing Sensors...
2022-02-10 14:15:38,602 - Initializing 10 thermocouples,2 digital inputs,15 analog inputs and 9 fan inputs
2022-02-10 14:15:38,602 - Starting Sensors...
2022-02-10 14:15:38,602 - Starting Fan Interface...
2022-02-10 14:15:38,603 - Fan Interface Started
2022-02-10 14:15:38,603 - Sensors Started.
2022-02-10 14:15:38,604 - Sensor Monitoring Started
2022-02-10 14:15:38,604 - Initializing System Manager...
2022-02-10 14:15:38,630 - Starting Thermal Monitor...
2022-02-10 14:15:38,631 - Thermal Monitor Started
2022-02-10 14:15:38,631 - Starting Leak Monitor...
2022-02-10 14:15:38,651 - External Leak Detected
2022-02-10 14:15:38,651 - Leak Monitor Started
2022-02-10 14:15:38,651 - Starting Main Power loop...
2022-02-10 14:15:38,652 - Main Power loop Started
2022-02-10 14:15:38,652 - Initializing Modbus Server...
2022-02-10 14:15:38,661 - Starting modbus server
2022-02-10 14:15:39,664 - Modbus Server Started
2022-02-10 14:15:39,664 - Starting Main System Control Loop...
2022-02-10 14:15:43,656 - External Leak Detected
2022-02-10 14:15:48,661 - External Leak Detected
2022-02-10 14:15:53,666 - External Leak Detected
